[2022-08-09T13:09:14.019] [DEBUG] cheese - login => username:123456,password:zs
[2022-08-09T13:09:14.021] [DEBUG] cheese - 123456
[2022-08-09T13:09:14.030] [DEBUG] cheese - null
[2022-08-09T13:09:14.030] [DEBUG] cheese - null
[2022-08-09T13:09:41.357] [DEBUG] cheese - login => username:123456,password:admin
[2022-08-09T13:09:41.357] [DEBUG] cheese - 123456
[2022-08-09T13:09:41.361] [DEBUG] cheese - null
[2022-08-09T13:09:41.361] [DEBUG] cheese - null
[2022-08-09T13:09:49.392] [DEBUG] cheese - login => username:123456,password:admin
[2022-08-09T13:09:49.392] [DEBUG] cheese - 123456
[2022-08-09T13:09:49.394] [DEBUG] cheese - null
[2022-08-09T13:09:49.394] [DEBUG] cheese - null
[2022-08-09T13:10:02.284] [DEBUG] cheese - login => username:12345678,password:admin
[2022-08-09T13:10:02.284] [DEBUG] cheese - 12345678
[2022-08-09T13:10:02.286] [DEBUG] cheese - null
[2022-08-09T13:10:02.286] [DEBUG] cheese - null
[2022-08-09T13:10:29.358] [DEBUG] cheese - login => username:12345678910,password:admin
[2022-08-09T13:10:29.358] [DEBUG] cheese - 12345678910
[2022-08-09T13:10:29.360] [DEBUG] cheese - null
[2022-08-09T13:10:29.360] [DEBUG] cheese - null
[2022-08-09T13:10:46.624] [DEBUG] cheese - login => username:admin,password:123456
[2022-08-09T13:10:46.624] [DEBUG] cheese - admin
[2022-08-09T13:10:46.627] [DEBUG] cheese - null
[2022-08-09T13:10:46.628] [DEBUG] cheese - null
[2022-08-12T14:28:56.734] [DEBUG] cheese - login => username:admin,password:123456
[2022-08-12T14:28:56.736] [DEBUG] cheese - admin
[2022-08-12T14:28:56.808] [DEBUG] cheese - null
[2022-08-12T14:28:56.809] [DEBUG] cheese - null
[2022-08-12T14:32:41.417] [DEBUG] cheese - login => username:admin,password:000000
[2022-08-12T14:32:41.417] [DEBUG] cheese - admin
[2022-08-12T14:32:41.420] [DEBUG] cheese - null
[2022-08-12T14:32:41.420] [DEBUG] cheese - null
[2022-08-12T14:32:57.311] [DEBUG] cheese - login => username:admin,password:111111
[2022-08-12T14:32:57.311] [DEBUG] cheese - admin
[2022-08-12T14:32:57.312] [DEBUG] cheese - null
[2022-08-12T14:32:57.312] [DEBUG] cheese - null
[2022-08-12T14:33:12.466] [DEBUG] cheese - login => username:admin,password:111111
[2022-08-12T14:33:12.466] [DEBUG] cheese - admin
[2022-08-12T14:33:12.468] [DEBUG] cheese - null
[2022-08-12T14:33:12.468] [DEBUG] cheese - null
[2022-08-12T14:34:09.974] [DEBUG] cheese - login => username:admin,password:123456
[2022-08-12T14:34:09.974] [DEBUG] cheese - admin
[2022-08-12T14:34:09.976] [DEBUG] cheese - null
[2022-08-12T14:34:09.976] [DEBUG] cheese - null
[2022-08-12T14:37:58.292] [DEBUG] cheese - login => username:admin,password:000000
[2022-08-12T14:37:58.293] [DEBUG] cheese - admin
[2022-08-12T14:37:58.295] [DEBUG] cheese - null
[2022-08-12T14:37:58.295] [DEBUG] cheese - null
[2022-08-12T14:38:10.640] [DEBUG] cheese - login => username:admin,password:123456
[2022-08-12T14:38:10.640] [DEBUG] cheese - admin
[2022-08-12T14:38:10.642] [DEBUG] cheese - null
[2022-08-12T14:38:10.642] [DEBUG] cheese - null
[2022-08-12T14:40:00.284] [DEBUG] cheese - login => username:admin,password:000000
[2022-08-12T14:40:00.284] [DEBUG] cheese - admin
[2022-08-12T14:40:00.286] [DEBUG] cheese - null
[2022-08-12T14:40:00.286] [DEBUG] cheese - null
[2022-08-12T14:40:06.074] [DEBUG] cheese - login => username:admin,password:123456
[2022-08-12T14:40:06.074] [DEBUG] cheese - admin
[2022-08-12T14:40:06.078] [DEBUG] cheese - null
[2022-08-12T14:40:06.078] [DEBUG] cheese - null
[2022-08-12T14:53:46.010] [DEBUG] cheese - login => username:admin1,password:123456
[2022-08-12T14:53:46.010] [DEBUG] cheese - admin1
[2022-08-12T14:53:46.013] [DEBUG] cheese - null
[2022-08-12T14:53:46.013] [DEBUG] cheese - null
[2022-08-12T14:53:49.412] [DEBUG] cheese - login => username:admin,password:123456
[2022-08-12T14:53:49.412] [DEBUG] cheese - admin
[2022-08-12T14:53:49.415] [DEBUG] cheese - null
[2022-08-12T14:53:49.415] [DEBUG] cheese - null
[2022-08-12T15:06:02.905] [DEBUG] cheese - login => username:admin,password:123456
[2022-08-12T15:06:02.905] [DEBUG] cheese - admin
[2022-08-12T15:06:02.907] [DEBUG] cheese - null
[2022-08-12T15:06:02.907] [DEBUG] cheese - null
[2022-08-12T15:51:47.109] [DEBUG] cheese - login => username:admin,password:123456
[2022-08-12T15:51:47.109] [DEBUG] cheese - admin
[2022-08-12T15:51:47.111] [DEBUG] cheese - null
[2022-08-12T15:51:47.112] [DEBUG] cheese - null
[2022-08-12T15:54:23.905] [DEBUG] cheese - login => username:admin,password:123456
[2022-08-12T15:54:23.905] [DEBUG] cheese - admin
[2022-08-12T15:54:23.907] [DEBUG] cheese - null
[2022-08-12T15:54:23.907] [DEBUG] cheese - null
[2022-08-12T16:06:58.429] [DEBUG] cheese - login => username:admin,password:123456
[2022-08-12T16:06:58.429] [DEBUG] cheese - admin
[2022-08-12T16:06:58.431] [DEBUG] cheese - null
[2022-08-12T16:06:58.432] [DEBUG] cheese - null
[2022-08-12T16:09:31.209] [DEBUG] cheese - login => username:admin,password:123456
[2022-08-12T16:09:31.209] [DEBUG] cheese - admin
[2022-08-12T16:09:31.212] [DEBUG] cheese - null
[2022-08-12T16:09:31.212] [DEBUG] cheese - null
[2022-08-12T16:13:03.476] [DEBUG] cheese - login => username:admin,password:123456
[2022-08-12T16:13:03.476] [DEBUG] cheese - admin
[2022-08-12T16:13:03.478] [DEBUG] cheese - null
[2022-08-12T16:13:03.478] [DEBUG] cheese - null
[2022-08-12T16:43:55.795] [DEBUG] cheese - login => username:admin,password:123456
[2022-08-12T16:43:55.796] [DEBUG] cheese - admin
[2022-08-12T16:43:55.797] [DEBUG] cheese - null
[2022-08-12T16:43:55.798] [DEBUG] cheese - null
[2022-08-12T16:48:50.174] [DEBUG] cheese - login => username:admin,password:123456
[2022-08-12T16:48:50.174] [DEBUG] cheese - admin
[2022-08-12T16:48:50.177] [DEBUG] cheese - null
[2022-08-12T16:48:50.177] [DEBUG] cheese - null
[2022-08-13T19:19:58.847] [DEBUG] cheese - login => username:admin,password:123456
[2022-08-13T19:19:58.848] [DEBUG] cheese - admin
[2022-08-13T19:19:58.869] [DEBUG] cheese - null
[2022-08-13T19:19:58.869] [DEBUG] cheese - null
[2022-08-16T12:07:28.035] [DEBUG] cheese - login => username:admin,password:123456
[2022-08-16T12:07:28.036] [DEBUG] cheese - admin
[2022-08-16T12:07:28.053] [DEBUG] cheese - null
[2022-08-16T12:07:28.053] [DEBUG] cheese - null
[2022-08-16T12:56:10.442] [DEBUG] cheese - login => username:admin,password:123456
[2022-08-16T12:56:10.443] [DEBUG] cheese - admin
[2022-08-16T12:56:10.449] [DEBUG] cheese - null
[2022-08-16T12:56:10.449] [DEBUG] cheese - null
[2022-08-16T14:53:52.310] [DEBUG] cheese - login => username:admin,password:123456
[2022-08-16T14:53:52.311] [DEBUG] cheese - admin
[2022-08-16T14:53:52.315] [DEBUG] cheese - null
[2022-08-16T14:53:52.315] [DEBUG] cheese - null
[2022-08-16T17:48:35.485] [DEBUG] cheese - login => username:admin,password:123456
[2022-08-16T17:48:35.486] [DEBUG] cheese - admin
[2022-08-16T17:48:35.489] [DEBUG] cheese - null
[2022-08-16T17:48:35.489] [DEBUG] cheese - null
[2022-08-17T13:09:46.354] [DEBUG] cheese - login => username:admin,password:123456
[2022-08-17T13:09:46.355] [DEBUG] cheese - admin
[2022-08-17T13:09:46.390] [DEBUG] cheese - null
[2022-08-17T13:09:46.391] [DEBUG] cheese - null
[2022-08-19T14:24:34.702] [DEBUG] cheese - login => username:admin,password:123456
[2022-08-19T14:24:34.703] [DEBUG] cheese - admin
[2022-08-19T14:24:34.828] [DEBUG] cheese - null
[2022-08-19T14:24:34.829] [DEBUG] cheese - null
[2022-08-19T15:08:05.736] [DEBUG] cheese - login => username:admin,password:123456
[2022-08-19T15:08:05.736] [DEBUG] cheese - admin
[2022-08-19T15:08:05.738] [DEBUG] cheese - null
[2022-08-19T15:08:05.738] [DEBUG] cheese - null
[2022-08-19T15:10:30.128] [DEBUG] cheese - login => username:admin,password:123456
[2022-08-19T15:10:30.129] [DEBUG] cheese - admin
[2022-08-19T15:10:30.130] [DEBUG] cheese - null
[2022-08-19T15:10:30.130] [DEBUG] cheese - null
[2022-08-20T15:26:40.564] [DEBUG] cheese - login => username:admin,password:123456
[2022-08-20T15:26:40.566] [DEBUG] cheese - admin
[2022-08-20T15:26:40.617] [DEBUG] cheese - null
[2022-08-20T15:26:40.617] [DEBUG] cheese - null
[2022-08-21T15:55:51.865] [DEBUG] cheese - login => username:admin,password:123456
[2022-08-21T15:55:51.866] [DEBUG] cheese - admin
[2022-08-21T15:55:51.883] [DEBUG] cheese - null
[2022-08-21T15:55:51.884] [DEBUG] cheese - null
[2022-08-21T16:12:46.550] [DEBUG] cheese - login => username:admin,password:123456
[2022-08-21T16:12:46.551] [DEBUG] cheese - admin
[2022-08-21T16:12:46.554] [DEBUG] cheese - null
[2022-08-21T16:12:46.555] [DEBUG] cheese - null
[2022-08-21T19:14:49.486] [DEBUG] cheese - null
[2022-08-21T19:17:27.753] [DEBUG] cheese - null
[2022-08-21T19:17:41.820] [DEBUG] cheese - null
[2022-08-21T19:17:54.561] [DEBUG] cheese - null
[2022-08-21T20:50:35.372] [DEBUG] cheese - login => username:admin,password:123456
[2022-08-21T20:50:35.374] [DEBUG] cheese - admin
[2022-08-21T20:50:35.399] [DEBUG] cheese - null
[2022-08-21T20:50:35.399] [DEBUG] cheese - null
[2022-08-21T21:55:13.962] [DEBUG] cheese - login => username:admin,password:123456
[2022-08-21T21:55:13.963] [DEBUG] cheese - admin
[2022-08-21T21:55:13.966] [DEBUG] cheese - null
[2022-08-21T21:55:13.966] [DEBUG] cheese - null
[2022-08-21T22:10:42.354] [DEBUG] cheese - login => username:admin,password:123456
[2022-08-21T22:10:42.355] [DEBUG] cheese - admin
[2022-08-21T22:10:42.357] [DEBUG] cheese - null
[2022-08-21T22:10:42.358] [DEBUG] cheese - null
[2022-08-21T22:29:22.401] [DEBUG] cheese - login => username:admin,password:123456
[2022-08-21T22:29:22.401] [DEBUG] cheese - admin
[2022-08-21T22:29:22.406] [DEBUG] cheese - null
[2022-08-21T22:29:22.407] [DEBUG] cheese - null
[2022-08-21T23:15:36.401] [DEBUG] cheese - login => username:admin,password:123456
[2022-08-21T23:15:36.403] [DEBUG] cheese - admin
[2022-08-21T23:15:36.406] [DEBUG] cheese - null
[2022-08-21T23:15:36.407] [DEBUG] cheese - null
[2022-08-21T23:20:46.251] [DEBUG] cheese - login => username:admin,password:123456
[2022-08-21T23:20:46.252] [DEBUG] cheese - admin
[2022-08-21T23:20:46.256] [DEBUG] cheese - null
[2022-08-21T23:20:46.256] [DEBUG] cheese - null
[2022-08-21T23:36:12.404] [DEBUG] cheese - login => username:admin,password:123456
[2022-08-21T23:36:12.406] [DEBUG] cheese - admin
[2022-08-21T23:36:12.409] [DEBUG] cheese - null
[2022-08-21T23:36:12.410] [DEBUG] cheese - null
[2022-08-21T23:54:19.856] [DEBUG] cheese - login => username:admin,password:123456
[2022-08-21T23:54:19.856] [DEBUG] cheese - admin
[2022-08-21T23:54:19.859] [DEBUG] cheese - null
[2022-08-21T23:54:19.859] [DEBUG] cheese - null
[2022-08-22T00:10:55.969] [DEBUG] cheese - login => username:admin,password:123456
[2022-08-22T00:10:55.969] [DEBUG] cheese - admin
[2022-08-22T00:10:55.972] [DEBUG] cheese - null
[2022-08-22T00:10:55.972] [DEBUG] cheese - null
[2022-08-22T00:11:42.700] [DEBUG] cheese - login => username:admin,password:123456
[2022-08-22T00:11:42.700] [DEBUG] cheese - admin
[2022-08-22T00:11:42.702] [DEBUG] cheese - null
[2022-08-22T00:11:42.702] [DEBUG] cheese - null
[2022-08-22T00:12:59.538] [DEBUG] cheese - login => username:admin,password:123456
[2022-08-22T00:12:59.538] [DEBUG] cheese - admin
[2022-08-22T00:12:59.540] [DEBUG] cheese - null
[2022-08-22T00:12:59.540] [DEBUG] cheese - null
